<?xml version="1.0" encoding="UTF-8"?>
<testng-results ignored="0" total="1" passed="1" failed="0" skipped="0">
  <reporter-output>
  </reporter-output>
  <suite started-at="2020-09-10T06:06:16Z" name="Default suite" finished-at="2020-09-10T06:07:10Z" duration-ms="54534">
    <groups>
    </groups>
    <test started-at="2020-09-10T06:06:16Z" name="Default test" finished-at="2020-09-10T06:07:10Z" duration-ms="54534">
      <class name="com.goibibo.testcases.SingleTripTest">
        <test-method is-config="true" signature="initialization()[pri:0, instance:com.goibibo.testcases.SingleTripTest@13b6aecc]" started-at="2020-09-10T06:06:16Z" name="initialization" finished-at="2020-09-10T06:06:34Z" duration-ms="18625" status="PASS">
          <reporter-output>
          </reporter-output>
        </test-method> <!-- initialization -->
        <test-method signature="SingleTripPaymentTest()[pri:0, instance:com.goibibo.testcases.SingleTripTest@13b6aecc]" started-at="2020-09-10T06:06:34Z" name="SingleTripPaymentTest" finished-at="2020-09-10T06:07:06Z" duration-ms="31664" status="PASS">
          <reporter-output>
          </reporter-output>
        </test-method> <!-- SingleTripPaymentTest -->
        <test-method is-config="true" signature="tearDown()[pri:0, instance:com.goibibo.testcases.SingleTripTest@13b6aecc]" started-at="2020-09-10T06:07:06Z" name="tearDown" finished-at="2020-09-10T06:07:10Z" duration-ms="4172" status="PASS">
          <reporter-output>
          </reporter-output>
        </test-method> <!-- tearDown -->
      </class> <!-- com.goibibo.testcases.SingleTripTest -->
    </test> <!-- Default test -->
  </suite> <!-- Default suite -->
</testng-results>
