<?xml version="1.0" encoding="UTF-8"?>
<testng-results ignored="0" total="1" passed="1" failed="0" skipped="0">
  <reporter-output>
  </reporter-output>
  <suite started-at="2020-09-09T14:19:58Z" name="Default suite" finished-at="2020-09-09T14:20:38Z" duration-ms="40123">
    <groups>
    </groups>
    <test started-at="2020-09-09T14:19:58Z" name="Default test" finished-at="2020-09-09T14:20:38Z" duration-ms="40123">
      <class name="com.goibibo.testcases.SingleTripTest">
        <test-method is-config="true" signature="initialization()[pri:0, instance:com.goibibo.testcases.SingleTripTest@13b6aecc]" started-at="2020-09-09T14:19:58Z" name="initialization" finished-at="2020-09-09T14:20:11Z" duration-ms="13416" status="PASS">
          <reporter-output>
          </reporter-output>
        </test-method> <!-- initialization -->
        <test-method signature="SingleTripPaymentTest()[pri:0, instance:com.goibibo.testcases.SingleTripTest@13b6aecc]" started-at="2020-09-09T14:20:11Z" name="SingleTripPaymentTest" finished-at="2020-09-09T14:20:37Z" duration-ms="25432" status="PASS">
          <reporter-output>
          </reporter-output>
        </test-method> <!-- SingleTripPaymentTest -->
        <test-method is-config="true" signature="tearDown()[pri:0, instance:com.goibibo.testcases.SingleTripTest@13b6aecc]" started-at="2020-09-09T14:20:37Z" name="tearDown" finished-at="2020-09-09T14:20:38Z" duration-ms="1210" status="PASS">
          <reporter-output>
          </reporter-output>
        </test-method> <!-- tearDown -->
      </class> <!-- com.goibibo.testcases.SingleTripTest -->
    </test> <!-- Default test -->
  </suite> <!-- Default suite -->
</testng-results>
